2016-12-14 19:53:22,694 [Worker-13] INFO  o.e.m.c.i.l.LifecycleMappingFactory - Using org.eclipse.m2e.jdt.JarLifecycleMapping lifecycle mapping for MavenProject: com.baseball:demo:0.0.1-SNAPSHOT @ /Users/kimjyaaa/workspace/baseball/baseball/pom.xml.
2016-12-14 19:53:24,224 [Worker-13] INFO  o.e.m.j.i.AbstractJavaProjectConfigurator - Adding source folder /baseball/src/main/java
2016-12-14 19:53:24,225 [Worker-13] INFO  o.e.m.j.i.AbstractJavaProjectConfigurator - Adding resource folder /baseball/src/main/resources
2016-12-14 19:53:24,231 [Worker-13] INFO  o.e.m.j.i.AbstractJavaProjectConfigurator - Adding resource folder /baseball/src/main/resources
2016-12-14 19:53:24,241 [Worker-13] INFO  o.e.m.j.i.AbstractJavaProjectConfigurator - Adding source folder /baseball/src/test/java
2016-12-14 19:53:24,603 [Worker-13] INFO  o.e.m.c.i.p.ProjectConfigurationManager - Imported and configured 1 project(s) in 3 sec
2016-12-14 19:53:24,605 [Worker-13] INFO  o.e.m.c.i.p.ProjectConfigurationManager - Update started
2016-12-14 19:53:25,000 [Worker-13] INFO  o.e.m.c.i.l.LifecycleMappingFactory - Using org.eclipse.m2e.jdt.JarLifecycleMapping lifecycle mapping for MavenProject: com.baseball:demo:0.0.1-SNAPSHOT @ /Users/kimjyaaa/workspace/baseball/baseball/pom.xml.
2016-12-14 19:53:25,405 [Worker-13] INFO  o.e.m.j.i.AbstractJavaProjectConfigurator - Adding source folder /baseball/src/main/java
2016-12-14 19:53:25,409 [Worker-13] INFO  o.e.m.j.i.AbstractJavaProjectConfigurator - Adding resource folder /baseball/src/main/resources
2016-12-14 19:53:25,412 [Worker-13] INFO  o.e.m.j.i.AbstractJavaProjectConfigurator - Adding resource folder /baseball/src/main/resources
2016-12-14 19:53:25,420 [Worker-13] INFO  o.e.m.j.i.AbstractJavaProjectConfigurator - Adding source folder /baseball/src/test/java
2016-12-14 19:53:25,584 [Worker-13] INFO  o.e.m.c.i.p.ProjectConfigurationManager - Update completed: 0 sec
2016-12-14 19:53:28,302 [Worker-14] INFO  o.e.m.c.i.embedder.EclipseLogger - Using 'UTF-8' encoding to copy filtered resources.
2016-12-14 19:53:28,311 [Worker-14] INFO  o.e.m.c.i.embedder.EclipseLogger - Copying 1 resource
2016-12-14 19:53:28,335 [Worker-14] INFO  o.e.m.c.i.embedder.EclipseLogger - Copying 0 resource
2016-12-14 19:53:28,356 [Worker-14] INFO  o.e.m.c.i.embedder.EclipseLogger - Using 'UTF-8' encoding to copy filtered resources.
2016-12-14 19:53:28,356 [Worker-14] INFO  o.e.m.c.i.embedder.EclipseLogger - skip non existing resourceDirectory /Users/kimjyaaa/workspace/baseball/baseball/src/test/resources
2016-12-14 19:53:30,065 [Worker-3] INFO  o.e.m.c.i.embedder.EclipseLogger - Using 'UTF-8' encoding to copy filtered resources.
2016-12-14 19:53:30,067 [Worker-3] INFO  o.e.m.c.i.embedder.EclipseLogger - Copying 0 resource
2016-12-14 19:53:30,067 [Worker-3] INFO  o.e.m.c.i.embedder.EclipseLogger - Copying 0 resource
2016-12-14 19:53:30,070 [Worker-3] INFO  o.e.m.c.i.embedder.EclipseLogger - Using 'UTF-8' encoding to copy filtered resources.
2016-12-14 19:53:30,070 [Worker-3] INFO  o.e.m.c.i.embedder.EclipseLogger - skip non existing resourceDirectory /Users/kimjyaaa/workspace/baseball/baseball/src/test/resources
2016-12-14 20:06:22,600 [Worker-55] INFO  o.e.m.c.i.embedder.EclipseLogger - Using 'UTF-8' encoding to copy filtered resources.
2016-12-14 20:06:22,613 [Worker-55] INFO  o.e.m.c.i.embedder.EclipseLogger - Copying 1 resource
2016-12-14 20:06:22,629 [Worker-55] INFO  o.e.m.c.i.embedder.EclipseLogger - Copying 0 resource
2016-12-14 20:06:22,633 [Worker-55] INFO  o.e.m.c.i.embedder.EclipseLogger - Using 'UTF-8' encoding to copy filtered resources.
2016-12-14 20:06:22,633 [Worker-55] INFO  o.e.m.c.i.embedder.EclipseLogger - skip non existing resourceDirectory /Users/kimjyaaa/workspace/baseball/baseball/src/test/resources
2016-12-14 20:40:17,831 [Worker-62] INFO  o.e.m.c.i.embedder.EclipseLogger - Using 'UTF-8' encoding to copy filtered resources.
2016-12-14 20:40:17,842 [Worker-62] INFO  o.e.m.c.i.embedder.EclipseLogger - Copying 1 resource
2016-12-14 20:40:17,843 [Worker-62] INFO  o.e.m.c.i.embedder.EclipseLogger - Copying 0 resource
2016-12-14 20:40:17,847 [Worker-62] INFO  o.e.m.c.i.embedder.EclipseLogger - Using 'UTF-8' encoding to copy filtered resources.
2016-12-14 20:40:17,848 [Worker-62] INFO  o.e.m.c.i.embedder.EclipseLogger - skip non existing resourceDirectory /Users/kimjyaaa/workspace/baseball/baseball/src/test/resources
2016-12-14 20:48:48,170 [Worker-76] INFO  o.e.m.c.i.embedder.EclipseLogger - Using 'UTF-8' encoding to copy filtered resources.
2016-12-14 20:48:48,171 [Worker-76] INFO  o.e.m.c.i.embedder.EclipseLogger - Copying 1 resource
2016-12-14 20:48:48,172 [Worker-76] INFO  o.e.m.c.i.embedder.EclipseLogger - Copying 0 resource
2016-12-14 20:48:48,174 [Worker-76] INFO  o.e.m.c.i.embedder.EclipseLogger - Using 'UTF-8' encoding to copy filtered resources.
2016-12-14 20:48:48,175 [Worker-76] INFO  o.e.m.c.i.embedder.EclipseLogger - skip non existing resourceDirectory /Users/kimjyaaa/workspace/baseball/baseball/src/test/resources
2016-12-14 21:06:53,725 [Worker-10] INFO  o.e.m.c.i.embedder.EclipseLogger - Using 'UTF-8' encoding to copy filtered resources.
2016-12-14 21:06:53,733 [Worker-10] INFO  o.e.m.c.i.embedder.EclipseLogger - Copying 1 resource
2016-12-14 21:06:53,747 [Worker-10] INFO  o.e.m.c.i.embedder.EclipseLogger - Copying 0 resource
2016-12-14 21:06:53,750 [Worker-10] INFO  o.e.m.c.i.embedder.EclipseLogger - Using 'UTF-8' encoding to copy filtered resources.
2016-12-14 21:06:53,750 [Worker-10] INFO  o.e.m.c.i.embedder.EclipseLogger - skip non existing resourceDirectory /Users/kimjyaaa/workspace/baseball/baseball/src/test/resources
2016-12-14 21:09:17,542 [Worker-7] INFO  o.e.m.c.i.embedder.EclipseLogger - Using 'UTF-8' encoding to copy filtered resources.
2016-12-14 21:09:17,553 [Worker-7] INFO  o.e.m.c.i.embedder.EclipseLogger - Copying 1 resource
2016-12-14 21:09:17,555 [Worker-7] INFO  o.e.m.c.i.embedder.EclipseLogger - Copying 0 resource
2016-12-14 21:09:17,558 [Worker-7] INFO  o.e.m.c.i.embedder.EclipseLogger - Using 'UTF-8' encoding to copy filtered resources.
2016-12-14 21:09:17,558 [Worker-7] INFO  o.e.m.c.i.embedder.EclipseLogger - skip non existing resourceDirectory /Users/kimjyaaa/workspace/baseball/baseball/src/test/resources
2016-12-14 21:10:33,664 [Worker-16] INFO  o.e.m.c.i.embedder.EclipseLogger - Using 'UTF-8' encoding to copy filtered resources.
2016-12-14 21:10:33,668 [Worker-16] INFO  o.e.m.c.i.embedder.EclipseLogger - Copying 1 resource
2016-12-14 21:10:33,669 [Worker-16] INFO  o.e.m.c.i.embedder.EclipseLogger - Copying 0 resource
2016-12-14 21:10:33,672 [Worker-16] INFO  o.e.m.c.i.embedder.EclipseLogger - Using 'UTF-8' encoding to copy filtered resources.
2016-12-14 21:10:33,672 [Worker-16] INFO  o.e.m.c.i.embedder.EclipseLogger - skip non existing resourceDirectory /Users/kimjyaaa/workspace/baseball/baseball/src/test/resources
2016-12-14 21:11:09,738 [Worker-0] INFO  o.e.m.c.i.embedder.EclipseLogger - Using 'UTF-8' encoding to copy filtered resources.
2016-12-14 21:11:09,740 [Worker-0] INFO  o.e.m.c.i.embedder.EclipseLogger - Copying 1 resource
2016-12-14 21:11:09,741 [Worker-0] INFO  o.e.m.c.i.embedder.EclipseLogger - Copying 0 resource
2016-12-14 21:11:09,743 [Worker-0] INFO  o.e.m.c.i.embedder.EclipseLogger - Using 'UTF-8' encoding to copy filtered resources.
2016-12-14 21:11:09,744 [Worker-0] INFO  o.e.m.c.i.embedder.EclipseLogger - skip non existing resourceDirectory /Users/kimjyaaa/workspace/baseball/baseball/src/test/resources
2016-12-14 22:15:42,827 [Worker-55] INFO  o.e.m.c.i.embedder.EclipseLogger - Using 'UTF-8' encoding to copy filtered resources.
2016-12-14 22:15:42,830 [Worker-55] INFO  o.e.m.c.i.embedder.EclipseLogger - Copying 1 resource
2016-12-14 22:15:42,831 [Worker-55] INFO  o.e.m.c.i.embedder.EclipseLogger - Copying 0 resource
2016-12-14 22:15:42,834 [Worker-55] INFO  o.e.m.c.i.embedder.EclipseLogger - Using 'UTF-8' encoding to copy filtered resources.
2016-12-14 22:15:42,834 [Worker-55] INFO  o.e.m.c.i.embedder.EclipseLogger - skip non existing resourceDirectory /Users/kimjyaaa/workspace/baseball/baseball/src/test/resources
2016-12-14 22:20:45,900 [Worker-58] INFO  o.e.m.c.i.embedder.EclipseLogger - Using 'UTF-8' encoding to copy filtered resources.
2016-12-14 22:20:45,902 [Worker-58] INFO  o.e.m.c.i.embedder.EclipseLogger - Copying 1 resource
2016-12-14 22:20:45,903 [Worker-58] INFO  o.e.m.c.i.embedder.EclipseLogger - Copying 0 resource
2016-12-14 22:20:45,905 [Worker-58] INFO  o.e.m.c.i.embedder.EclipseLogger - Using 'UTF-8' encoding to copy filtered resources.
2016-12-14 22:20:45,906 [Worker-58] INFO  o.e.m.c.i.embedder.EclipseLogger - skip non existing resourceDirectory /Users/kimjyaaa/workspace/baseball/baseball/src/test/resources
2016-12-14 22:23:20,257 [Worker-61] INFO  o.e.m.c.i.embedder.EclipseLogger - Using 'UTF-8' encoding to copy filtered resources.
2016-12-14 22:23:20,258 [Worker-61] INFO  o.e.m.c.i.embedder.EclipseLogger - Copying 1 resource
2016-12-14 22:23:20,259 [Worker-61] INFO  o.e.m.c.i.embedder.EclipseLogger - Copying 0 resource
2016-12-14 22:23:20,261 [Worker-61] INFO  o.e.m.c.i.embedder.EclipseLogger - Using 'UTF-8' encoding to copy filtered resources.
2016-12-14 22:23:20,261 [Worker-61] INFO  o.e.m.c.i.embedder.EclipseLogger - skip non existing resourceDirectory /Users/kimjyaaa/workspace/baseball/baseball/src/test/resources
2016-12-14 22:25:20,162 [Worker-62] INFO  o.e.m.c.i.embedder.EclipseLogger - Using 'UTF-8' encoding to copy filtered resources.
2016-12-14 22:25:20,163 [Worker-62] INFO  o.e.m.c.i.embedder.EclipseLogger - Copying 1 resource
2016-12-14 22:25:20,165 [Worker-62] INFO  o.e.m.c.i.embedder.EclipseLogger - Copying 0 resource
2016-12-14 22:25:20,168 [Worker-62] INFO  o.e.m.c.i.embedder.EclipseLogger - Using 'UTF-8' encoding to copy filtered resources.
2016-12-14 22:25:20,168 [Worker-62] INFO  o.e.m.c.i.embedder.EclipseLogger - skip non existing resourceDirectory /Users/kimjyaaa/workspace/baseball/baseball/src/test/resources
2016-12-14 22:26:35,359 [Worker-49] INFO  o.e.m.c.i.embedder.EclipseLogger - Using 'UTF-8' encoding to copy filtered resources.
2016-12-14 22:26:35,360 [Worker-49] INFO  o.e.m.c.i.embedder.EclipseLogger - Copying 1 resource
2016-12-14 22:26:35,361 [Worker-49] INFO  o.e.m.c.i.embedder.EclipseLogger - Copying 0 resource
2016-12-14 22:26:35,363 [Worker-49] INFO  o.e.m.c.i.embedder.EclipseLogger - Using 'UTF-8' encoding to copy filtered resources.
2016-12-14 22:26:35,363 [Worker-49] INFO  o.e.m.c.i.embedder.EclipseLogger - skip non existing resourceDirectory /Users/kimjyaaa/workspace/baseball/baseball/src/test/resources
2016-12-14 22:33:38,365 [Worker-69] INFO  o.e.m.c.i.embedder.EclipseLogger - Using 'UTF-8' encoding to copy filtered resources.
2016-12-14 22:33:38,365 [Worker-69] INFO  o.e.m.c.i.embedder.EclipseLogger - Copying 1 resource
2016-12-14 22:33:38,366 [Worker-69] INFO  o.e.m.c.i.embedder.EclipseLogger - Copying 0 resource
2016-12-14 22:33:38,367 [Worker-69] INFO  o.e.m.c.i.embedder.EclipseLogger - Using 'UTF-8' encoding to copy filtered resources.
2016-12-14 22:33:38,368 [Worker-69] INFO  o.e.m.c.i.embedder.EclipseLogger - skip non existing resourceDirectory /Users/kimjyaaa/workspace/baseball/baseball/src/test/resources
2016-12-14 22:34:42,440 [Worker-62] INFO  o.e.m.c.i.embedder.EclipseLogger - Using 'UTF-8' encoding to copy filtered resources.
2016-12-14 22:34:42,441 [Worker-62] INFO  o.e.m.c.i.embedder.EclipseLogger - Copying 1 resource
2016-12-14 22:34:42,441 [Worker-62] INFO  o.e.m.c.i.embedder.EclipseLogger - Copying 0 resource
2016-12-14 22:34:42,444 [Worker-62] INFO  o.e.m.c.i.embedder.EclipseLogger - Using 'UTF-8' encoding to copy filtered resources.
2016-12-14 22:34:42,444 [Worker-62] INFO  o.e.m.c.i.embedder.EclipseLogger - skip non existing resourceDirectory /Users/kimjyaaa/workspace/baseball/baseball/src/test/resources
2016-12-14 22:35:06,394 [Worker-70] INFO  o.e.m.c.i.embedder.EclipseLogger - Using 'UTF-8' encoding to copy filtered resources.
2016-12-14 22:35:06,395 [Worker-70] INFO  o.e.m.c.i.embedder.EclipseLogger - Copying 1 resource
2016-12-14 22:35:06,396 [Worker-70] INFO  o.e.m.c.i.embedder.EclipseLogger - Copying 0 resource
2016-12-14 22:35:06,403 [Worker-70] INFO  o.e.m.c.i.embedder.EclipseLogger - Using 'UTF-8' encoding to copy filtered resources.
2016-12-14 22:35:06,404 [Worker-70] INFO  o.e.m.c.i.embedder.EclipseLogger - skip non existing resourceDirectory /Users/kimjyaaa/workspace/baseball/baseball/src/test/resources
2016-12-14 22:56:45,134 [Worker-83] INFO  o.e.m.c.i.embedder.EclipseLogger - Using 'UTF-8' encoding to copy filtered resources.
2016-12-14 22:56:45,135 [Worker-83] INFO  o.e.m.c.i.embedder.EclipseLogger - Copying 1 resource
2016-12-14 22:56:45,136 [Worker-83] INFO  o.e.m.c.i.embedder.EclipseLogger - Copying 0 resource
2016-12-14 22:56:45,145 [Worker-83] INFO  o.e.m.c.i.embedder.EclipseLogger - Using 'UTF-8' encoding to copy filtered resources.
2016-12-14 22:56:45,145 [Worker-83] INFO  o.e.m.c.i.embedder.EclipseLogger - skip non existing resourceDirectory /Users/kimjyaaa/workspace/baseball/baseball/src/test/resources
2016-12-14 23:18:39,397 [Worker-90] INFO  o.e.m.c.i.embedder.EclipseLogger - Using 'UTF-8' encoding to copy filtered resources.
2016-12-14 23:18:39,399 [Worker-90] INFO  o.e.m.c.i.embedder.EclipseLogger - Copying 1 resource
2016-12-14 23:18:39,400 [Worker-90] INFO  o.e.m.c.i.embedder.EclipseLogger - Copying 0 resource
2016-12-14 23:18:39,402 [Worker-90] INFO  o.e.m.c.i.embedder.EclipseLogger - Using 'UTF-8' encoding to copy filtered resources.
2016-12-14 23:18:39,403 [Worker-90] INFO  o.e.m.c.i.embedder.EclipseLogger - skip non existing resourceDirectory /Users/kimjyaaa/workspace/baseball/baseball/src/test/resources
2016-12-14 23:18:42,819 [Worker-90] INFO  o.e.m.c.i.embedder.EclipseLogger - Using 'UTF-8' encoding to copy filtered resources.
2016-12-14 23:18:42,819 [Worker-90] INFO  o.e.m.c.i.embedder.EclipseLogger - Copying 1 resource
2016-12-14 23:18:42,820 [Worker-90] INFO  o.e.m.c.i.embedder.EclipseLogger - Copying 0 resource
2016-12-14 23:18:42,824 [Worker-90] INFO  o.e.m.c.i.embedder.EclipseLogger - Using 'UTF-8' encoding to copy filtered resources.
2016-12-14 23:18:42,824 [Worker-90] INFO  o.e.m.c.i.embedder.EclipseLogger - skip non existing resourceDirectory /Users/kimjyaaa/workspace/baseball/baseball/src/test/resources
2016-12-15 00:56:59,098 [Worker-108] INFO  o.e.m.c.i.embedder.EclipseLogger - Using 'UTF-8' encoding to copy filtered resources.
2016-12-15 00:56:59,098 [Worker-108] INFO  o.e.m.c.i.embedder.EclipseLogger - Copying 1 resource
2016-12-15 00:56:59,099 [Worker-108] INFO  o.e.m.c.i.embedder.EclipseLogger - Copying 0 resource
2016-12-15 00:56:59,102 [Worker-108] INFO  o.e.m.c.i.embedder.EclipseLogger - Using 'UTF-8' encoding to copy filtered resources.
2016-12-15 00:56:59,102 [Worker-108] INFO  o.e.m.c.i.embedder.EclipseLogger - skip non existing resourceDirectory /Users/kimjyaaa/workspace/baseball/baseball/src/test/resources
2016-12-17 12:13:26,844 [Worker-153] INFO  o.e.m.c.i.embedder.EclipseLogger - Using 'UTF-8' encoding to copy filtered resources.
2016-12-17 12:13:26,846 [Worker-153] INFO  o.e.m.c.i.embedder.EclipseLogger - Copying 1 resource
2016-12-17 12:13:26,847 [Worker-153] INFO  o.e.m.c.i.embedder.EclipseLogger - Copying 0 resource
2016-12-17 12:13:26,850 [Worker-153] INFO  o.e.m.c.i.embedder.EclipseLogger - Using 'UTF-8' encoding to copy filtered resources.
2016-12-17 12:13:26,850 [Worker-153] INFO  o.e.m.c.i.embedder.EclipseLogger - skip non existing resourceDirectory /Users/kimjyaaa/workspace/baseball/baseball/src/test/resources
2016-12-17 12:14:02,369 [Worker-158] INFO  o.e.m.c.i.embedder.EclipseLogger - Using 'UTF-8' encoding to copy filtered resources.
2016-12-17 12:14:02,378 [Worker-158] INFO  o.e.m.c.i.embedder.EclipseLogger - Copying 1 resource
2016-12-17 12:14:02,379 [Worker-158] INFO  o.e.m.c.i.embedder.EclipseLogger - Copying 0 resource
2016-12-17 12:14:02,382 [Worker-158] INFO  o.e.m.c.i.embedder.EclipseLogger - Using 'UTF-8' encoding to copy filtered resources.
2016-12-17 12:14:02,383 [Worker-158] INFO  o.e.m.c.i.embedder.EclipseLogger - skip non existing resourceDirectory /Users/kimjyaaa/workspace/baseball/baseball/src/test/resources
2016-12-17 13:09:04,128 [Worker-188] INFO  o.e.m.c.i.embedder.EclipseLogger - Using 'UTF-8' encoding to copy filtered resources.
2016-12-17 13:09:04,130 [Worker-188] INFO  o.e.m.c.i.embedder.EclipseLogger - Copying 0 resource
2016-12-17 13:09:04,130 [Worker-188] INFO  o.e.m.c.i.embedder.EclipseLogger - Copying 0 resource
2016-12-17 13:09:04,134 [Worker-188] INFO  o.e.m.c.i.embedder.EclipseLogger - Using 'UTF-8' encoding to copy filtered resources.
2016-12-17 13:09:04,134 [Worker-188] INFO  o.e.m.c.i.embedder.EclipseLogger - skip non existing resourceDirectory /Users/kimjyaaa/workspace/baseball/baseball/src/test/resources
2016-12-17 13:09:56,191 [Worker-176] INFO  o.e.m.c.i.embedder.EclipseLogger - Using 'UTF-8' encoding to copy filtered resources.
2016-12-17 13:09:56,192 [Worker-176] INFO  o.e.m.c.i.embedder.EclipseLogger - Copying 1 resource
2016-12-17 13:09:56,192 [Worker-176] INFO  o.e.m.c.i.embedder.EclipseLogger - Copying 0 resource
2016-12-17 13:09:56,199 [Worker-176] INFO  o.e.m.c.i.embedder.EclipseLogger - Using 'UTF-8' encoding to copy filtered resources.
2016-12-17 13:09:56,200 [Worker-176] INFO  o.e.m.c.i.embedder.EclipseLogger - skip non existing resourceDirectory /Users/kimjyaaa/workspace/baseball/baseball/src/test/resources
2016-12-17 13:10:20,054 [Worker-188] INFO  o.e.m.c.i.embedder.EclipseLogger - Using 'UTF-8' encoding to copy filtered resources.
2016-12-17 13:10:20,054 [Worker-188] INFO  o.e.m.c.i.embedder.EclipseLogger - Copying 1 resource
2016-12-17 13:10:20,055 [Worker-188] INFO  o.e.m.c.i.embedder.EclipseLogger - Copying 0 resource
2016-12-17 13:10:20,057 [Worker-188] INFO  o.e.m.c.i.embedder.EclipseLogger - Using 'UTF-8' encoding to copy filtered resources.
2016-12-17 13:10:20,057 [Worker-188] INFO  o.e.m.c.i.embedder.EclipseLogger - skip non existing resourceDirectory /Users/kimjyaaa/workspace/baseball/baseball/src/test/resources
2016-12-17 13:22:59,332 [Worker-195] INFO  o.e.m.c.i.embedder.EclipseLogger - Using 'UTF-8' encoding to copy filtered resources.
2016-12-17 13:22:59,334 [Worker-195] INFO  o.e.m.c.i.embedder.EclipseLogger - Copying 1 resource
2016-12-17 13:22:59,335 [Worker-195] INFO  o.e.m.c.i.embedder.EclipseLogger - Copying 0 resource
2016-12-17 13:22:59,336 [Worker-195] INFO  o.e.m.c.i.embedder.EclipseLogger - Using 'UTF-8' encoding to copy filtered resources.
2016-12-17 13:22:59,337 [Worker-195] INFO  o.e.m.c.i.embedder.EclipseLogger - skip non existing resourceDirectory /Users/kimjyaaa/workspace/baseball/baseball/src/test/resources
2016-12-17 13:25:56,465 [Worker-198] INFO  o.e.m.c.i.embedder.EclipseLogger - Using 'UTF-8' encoding to copy filtered resources.
2016-12-17 13:25:56,466 [Worker-198] INFO  o.e.m.c.i.embedder.EclipseLogger - Copying 1 resource
2016-12-17 13:25:56,466 [Worker-198] INFO  o.e.m.c.i.embedder.EclipseLogger - Copying 0 resource
2016-12-17 13:25:56,468 [Worker-198] INFO  o.e.m.c.i.embedder.EclipseLogger - Using 'UTF-8' encoding to copy filtered resources.
2016-12-17 13:25:56,468 [Worker-198] INFO  o.e.m.c.i.embedder.EclipseLogger - skip non existing resourceDirectory /Users/kimjyaaa/workspace/baseball/baseball/src/test/resources
2016-12-18 11:59:18,661 [Worker-223] INFO  o.e.m.c.i.embedder.EclipseLogger - Using 'UTF-8' encoding to copy filtered resources.
2016-12-18 11:59:18,663 [Worker-223] INFO  o.e.m.c.i.embedder.EclipseLogger - Copying 1 resource
2016-12-18 11:59:18,664 [Worker-223] INFO  o.e.m.c.i.embedder.EclipseLogger - Copying 0 resource
2016-12-18 11:59:18,666 [Worker-223] INFO  o.e.m.c.i.embedder.EclipseLogger - Using 'UTF-8' encoding to copy filtered resources.
2016-12-18 11:59:18,666 [Worker-223] INFO  o.e.m.c.i.embedder.EclipseLogger - skip non existing resourceDirectory /Users/kimjyaaa/workspace/baseball/baseball/src/test/resources
2016-12-18 12:25:41,634 [Worker-245] INFO  o.e.m.c.i.embedder.EclipseLogger - Using 'UTF-8' encoding to copy filtered resources.
2016-12-18 12:25:41,635 [Worker-245] INFO  o.e.m.c.i.embedder.EclipseLogger - Copying 1 resource
2016-12-18 12:25:41,636 [Worker-245] INFO  o.e.m.c.i.embedder.EclipseLogger - Copying 0 resource
2016-12-18 12:25:41,639 [Worker-245] INFO  o.e.m.c.i.embedder.EclipseLogger - Using 'UTF-8' encoding to copy filtered resources.
2016-12-18 12:25:41,639 [Worker-245] INFO  o.e.m.c.i.embedder.EclipseLogger - skip non existing resourceDirectory /Users/kimjyaaa/workspace/baseball/baseball/src/test/resources
2016-12-18 12:30:28,190 [Worker-245] INFO  o.e.m.c.i.embedder.EclipseLogger - Using 'UTF-8' encoding to copy filtered resources.
2016-12-18 12:30:28,191 [Worker-245] INFO  o.e.m.c.i.embedder.EclipseLogger - Copying 1 resource
2016-12-18 12:30:28,192 [Worker-245] INFO  o.e.m.c.i.embedder.EclipseLogger - Copying 0 resource
2016-12-18 12:30:28,196 [Worker-245] INFO  o.e.m.c.i.embedder.EclipseLogger - Using 'UTF-8' encoding to copy filtered resources.
2016-12-18 12:30:28,197 [Worker-245] INFO  o.e.m.c.i.embedder.EclipseLogger - skip non existing resourceDirectory /Users/kimjyaaa/workspace/baseball/baseball/src/test/resources
2016-12-18 12:31:57,488 [Worker-247] INFO  o.e.m.c.i.embedder.EclipseLogger - Using 'UTF-8' encoding to copy filtered resources.
2016-12-18 12:31:57,489 [Worker-247] INFO  o.e.m.c.i.embedder.EclipseLogger - Copying 1 resource
2016-12-18 12:31:57,490 [Worker-247] INFO  o.e.m.c.i.embedder.EclipseLogger - Copying 0 resource
2016-12-18 12:31:57,492 [Worker-247] INFO  o.e.m.c.i.embedder.EclipseLogger - Using 'UTF-8' encoding to copy filtered resources.
2016-12-18 12:31:57,492 [Worker-247] INFO  o.e.m.c.i.embedder.EclipseLogger - skip non existing resourceDirectory /Users/kimjyaaa/workspace/baseball/baseball/src/test/resources
2016-12-18 12:47:46,238 [Worker-253] INFO  o.e.m.c.i.embedder.EclipseLogger - Using 'UTF-8' encoding to copy filtered resources.
2016-12-18 12:47:46,239 [Worker-253] INFO  o.e.m.c.i.embedder.EclipseLogger - Copying 1 resource
2016-12-18 12:47:46,240 [Worker-253] INFO  o.e.m.c.i.embedder.EclipseLogger - Copying 0 resource
2016-12-18 12:47:46,244 [Worker-253] INFO  o.e.m.c.i.embedder.EclipseLogger - Using 'UTF-8' encoding to copy filtered resources.
2016-12-18 12:47:46,244 [Worker-253] INFO  o.e.m.c.i.embedder.EclipseLogger - skip non existing resourceDirectory /Users/kimjyaaa/workspace/baseball/baseball/src/test/resources
2016-12-18 12:54:21,627 [Worker-253] INFO  o.e.m.c.i.embedder.EclipseLogger - Using 'UTF-8' encoding to copy filtered resources.
2016-12-18 12:54:21,628 [Worker-253] INFO  o.e.m.c.i.embedder.EclipseLogger - Copying 1 resource
2016-12-18 12:54:21,656 [Worker-253] INFO  o.e.m.c.i.embedder.EclipseLogger - Copying 0 resource
2016-12-18 12:54:21,661 [Worker-253] INFO  o.e.m.c.i.embedder.EclipseLogger - Using 'UTF-8' encoding to copy filtered resources.
2016-12-18 12:54:21,661 [Worker-253] INFO  o.e.m.c.i.embedder.EclipseLogger - skip non existing resourceDirectory /Users/kimjyaaa/workspace/baseball/baseball/src/test/resources
2016-12-18 13:11:27,139 [Worker-268] INFO  o.e.m.c.i.embedder.EclipseLogger - Using 'UTF-8' encoding to copy filtered resources.
2016-12-18 13:11:27,140 [Worker-268] INFO  o.e.m.c.i.embedder.EclipseLogger - Copying 1 resource
2016-12-18 13:11:27,141 [Worker-268] INFO  o.e.m.c.i.embedder.EclipseLogger - Copying 0 resource
2016-12-18 13:11:27,144 [Worker-268] INFO  o.e.m.c.i.embedder.EclipseLogger - Using 'UTF-8' encoding to copy filtered resources.
2016-12-18 13:11:27,144 [Worker-268] INFO  o.e.m.c.i.embedder.EclipseLogger - skip non existing resourceDirectory /Users/kimjyaaa/workspace/baseball/baseball/src/test/resources
2016-12-18 13:19:32,678 [Worker-272] INFO  o.e.m.c.i.embedder.EclipseLogger - Using 'UTF-8' encoding to copy filtered resources.
2016-12-18 13:19:32,678 [Worker-272] INFO  o.e.m.c.i.embedder.EclipseLogger - Copying 1 resource
2016-12-18 13:19:32,679 [Worker-272] INFO  o.e.m.c.i.embedder.EclipseLogger - Copying 0 resource
2016-12-18 13:19:32,681 [Worker-272] INFO  o.e.m.c.i.embedder.EclipseLogger - Using 'UTF-8' encoding to copy filtered resources.
2016-12-18 13:19:32,681 [Worker-272] INFO  o.e.m.c.i.embedder.EclipseLogger - skip non existing resourceDirectory /Users/kimjyaaa/workspace/baseball/baseball/src/test/resources
2016-12-18 13:34:56,188 [Worker-278] INFO  o.e.m.c.i.embedder.EclipseLogger - Using 'UTF-8' encoding to copy filtered resources.
2016-12-18 13:34:56,189 [Worker-278] INFO  o.e.m.c.i.embedder.EclipseLogger - Copying 1 resource
2016-12-18 13:34:56,190 [Worker-278] INFO  o.e.m.c.i.embedder.EclipseLogger - Copying 0 resource
2016-12-18 13:34:56,193 [Worker-278] INFO  o.e.m.c.i.embedder.EclipseLogger - Using 'UTF-8' encoding to copy filtered resources.
2016-12-18 13:34:56,194 [Worker-278] INFO  o.e.m.c.i.embedder.EclipseLogger - skip non existing resourceDirectory /Users/kimjyaaa/workspace/baseball/baseball/src/test/resources
2016-12-18 13:46:03,520 [Worker-282] INFO  o.e.m.c.i.embedder.EclipseLogger - Using 'UTF-8' encoding to copy filtered resources.
2016-12-18 13:46:03,521 [Worker-282] INFO  o.e.m.c.i.embedder.EclipseLogger - Copying 1 resource
2016-12-18 13:46:03,521 [Worker-282] INFO  o.e.m.c.i.embedder.EclipseLogger - Copying 0 resource
2016-12-18 13:46:03,523 [Worker-282] INFO  o.e.m.c.i.embedder.EclipseLogger - Using 'UTF-8' encoding to copy filtered resources.
2016-12-18 13:46:03,523 [Worker-282] INFO  o.e.m.c.i.embedder.EclipseLogger - skip non existing resourceDirectory /Users/kimjyaaa/workspace/baseball/baseball/src/test/resources
2016-12-18 13:49:32,074 [Worker-284] INFO  o.e.m.c.i.embedder.EclipseLogger - Using 'UTF-8' encoding to copy filtered resources.
2016-12-18 13:49:32,075 [Worker-284] INFO  o.e.m.c.i.embedder.EclipseLogger - Copying 1 resource
2016-12-18 13:49:32,075 [Worker-284] INFO  o.e.m.c.i.embedder.EclipseLogger - Copying 0 resource
2016-12-18 13:49:32,079 [Worker-284] INFO  o.e.m.c.i.embedder.EclipseLogger - Using 'UTF-8' encoding to copy filtered resources.
2016-12-18 13:49:32,079 [Worker-284] INFO  o.e.m.c.i.embedder.EclipseLogger - skip non existing resourceDirectory /Users/kimjyaaa/workspace/baseball/baseball/src/test/resources
2016-12-18 13:54:38,779 [Worker-286] INFO  o.e.m.c.i.embedder.EclipseLogger - Using 'UTF-8' encoding to copy filtered resources.
2016-12-18 13:54:38,779 [Worker-286] INFO  o.e.m.c.i.embedder.EclipseLogger - Copying 1 resource
2016-12-18 13:54:38,780 [Worker-286] INFO  o.e.m.c.i.embedder.EclipseLogger - Copying 0 resource
2016-12-18 13:54:38,782 [Worker-286] INFO  o.e.m.c.i.embedder.EclipseLogger - Using 'UTF-8' encoding to copy filtered resources.
2016-12-18 13:54:38,783 [Worker-286] INFO  o.e.m.c.i.embedder.EclipseLogger - skip non existing resourceDirectory /Users/kimjyaaa/workspace/baseball/baseball/src/test/resources
2016-12-18 14:03:33,706 [Worker-292] INFO  o.e.m.c.i.embedder.EclipseLogger - Using 'UTF-8' encoding to copy filtered resources.
2016-12-18 14:03:33,706 [Worker-292] INFO  o.e.m.c.i.embedder.EclipseLogger - Copying 1 resource
2016-12-18 14:03:33,707 [Worker-292] INFO  o.e.m.c.i.embedder.EclipseLogger - Copying 0 resource
2016-12-18 14:03:33,709 [Worker-292] INFO  o.e.m.c.i.embedder.EclipseLogger - Using 'UTF-8' encoding to copy filtered resources.
2016-12-18 14:03:33,709 [Worker-292] INFO  o.e.m.c.i.embedder.EclipseLogger - skip non existing resourceDirectory /Users/kimjyaaa/workspace/baseball/baseball/src/test/resources
2016-12-18 14:05:38,471 [Worker-286] INFO  o.e.m.c.i.embedder.EclipseLogger - Using 'UTF-8' encoding to copy filtered resources.
2016-12-18 14:05:38,473 [Worker-286] INFO  o.e.m.c.i.embedder.EclipseLogger - Copying 1 resource
2016-12-18 14:05:38,474 [Worker-286] INFO  o.e.m.c.i.embedder.EclipseLogger - Copying 0 resource
2016-12-18 14:05:38,476 [Worker-286] INFO  o.e.m.c.i.embedder.EclipseLogger - Using 'UTF-8' encoding to copy filtered resources.
2016-12-18 14:05:38,476 [Worker-286] INFO  o.e.m.c.i.embedder.EclipseLogger - skip non existing resourceDirectory /Users/kimjyaaa/workspace/baseball/baseball/src/test/resources
2016-12-18 14:07:03,131 [Worker-288] INFO  o.e.m.c.i.embedder.EclipseLogger - Using 'UTF-8' encoding to copy filtered resources.
2016-12-18 14:07:03,132 [Worker-288] INFO  o.e.m.c.i.embedder.EclipseLogger - Copying 1 resource
2016-12-18 14:07:03,132 [Worker-288] INFO  o.e.m.c.i.embedder.EclipseLogger - Copying 0 resource
2016-12-18 14:07:03,134 [Worker-288] INFO  o.e.m.c.i.embedder.EclipseLogger - Using 'UTF-8' encoding to copy filtered resources.
2016-12-18 14:07:03,135 [Worker-288] INFO  o.e.m.c.i.embedder.EclipseLogger - skip non existing resourceDirectory /Users/kimjyaaa/workspace/baseball/baseball/src/test/resources
2016-12-18 14:09:43,994 [Worker-297] INFO  o.e.m.c.i.embedder.EclipseLogger - Using 'UTF-8' encoding to copy filtered resources.
2016-12-18 14:09:43,995 [Worker-297] INFO  o.e.m.c.i.embedder.EclipseLogger - Copying 1 resource
2016-12-18 14:09:43,996 [Worker-297] INFO  o.e.m.c.i.embedder.EclipseLogger - Copying 0 resource
2016-12-18 14:09:43,998 [Worker-297] INFO  o.e.m.c.i.embedder.EclipseLogger - Using 'UTF-8' encoding to copy filtered resources.
2016-12-18 14:09:43,998 [Worker-297] INFO  o.e.m.c.i.embedder.EclipseLogger - skip non existing resourceDirectory /Users/kimjyaaa/workspace/baseball/baseball/src/test/resources
2016-12-18 14:11:10,941 [Worker-288] INFO  o.e.m.c.i.embedder.EclipseLogger - Using 'UTF-8' encoding to copy filtered resources.
2016-12-18 14:11:10,941 [Worker-288] INFO  o.e.m.c.i.embedder.EclipseLogger - Copying 1 resource
2016-12-18 14:11:10,942 [Worker-288] INFO  o.e.m.c.i.embedder.EclipseLogger - Copying 0 resource
2016-12-18 14:11:10,945 [Worker-288] INFO  o.e.m.c.i.embedder.EclipseLogger - Using 'UTF-8' encoding to copy filtered resources.
2016-12-18 14:11:10,945 [Worker-288] INFO  o.e.m.c.i.embedder.EclipseLogger - skip non existing resourceDirectory /Users/kimjyaaa/workspace/baseball/baseball/src/test/resources
2016-12-18 14:12:18,099 [Worker-302] INFO  o.e.m.c.i.embedder.EclipseLogger - Using 'UTF-8' encoding to copy filtered resources.
2016-12-18 14:12:18,100 [Worker-302] INFO  o.e.m.c.i.embedder.EclipseLogger - Copying 1 resource
2016-12-18 14:12:18,100 [Worker-302] INFO  o.e.m.c.i.embedder.EclipseLogger - Copying 0 resource
2016-12-18 14:12:18,102 [Worker-302] INFO  o.e.m.c.i.embedder.EclipseLogger - Using 'UTF-8' encoding to copy filtered resources.
2016-12-18 14:12:18,103 [Worker-302] INFO  o.e.m.c.i.embedder.EclipseLogger - skip non existing resourceDirectory /Users/kimjyaaa/workspace/baseball/baseball/src/test/resources
2016-12-18 14:13:16,695 [Worker-298] INFO  o.e.m.c.i.embedder.EclipseLogger - Using 'UTF-8' encoding to copy filtered resources.
2016-12-18 14:13:16,696 [Worker-298] INFO  o.e.m.c.i.embedder.EclipseLogger - Copying 1 resource
2016-12-18 14:13:16,697 [Worker-298] INFO  o.e.m.c.i.embedder.EclipseLogger - Copying 0 resource
2016-12-18 14:13:16,699 [Worker-298] INFO  o.e.m.c.i.embedder.EclipseLogger - Using 'UTF-8' encoding to copy filtered resources.
2016-12-18 14:13:16,699 [Worker-298] INFO  o.e.m.c.i.embedder.EclipseLogger - skip non existing resourceDirectory /Users/kimjyaaa/workspace/baseball/baseball/src/test/resources
2016-12-18 14:13:37,517 [Worker-303] INFO  o.e.m.c.i.embedder.EclipseLogger - Using 'UTF-8' encoding to copy filtered resources.
2016-12-18 14:13:37,518 [Worker-303] INFO  o.e.m.c.i.embedder.EclipseLogger - Copying 1 resource
2016-12-18 14:13:37,519 [Worker-303] INFO  o.e.m.c.i.embedder.EclipseLogger - Copying 0 resource
2016-12-18 14:13:37,522 [Worker-303] INFO  o.e.m.c.i.embedder.EclipseLogger - Using 'UTF-8' encoding to copy filtered resources.
2016-12-18 14:13:37,522 [Worker-303] INFO  o.e.m.c.i.embedder.EclipseLogger - skip non existing resourceDirectory /Users/kimjyaaa/workspace/baseball/baseball/src/test/resources
2016-12-18 14:16:06,239 [Worker-303] INFO  o.e.m.c.i.embedder.EclipseLogger - Using 'UTF-8' encoding to copy filtered resources.
2016-12-18 14:16:06,240 [Worker-303] INFO  o.e.m.c.i.embedder.EclipseLogger - Copying 1 resource
2016-12-18 14:16:06,241 [Worker-303] INFO  o.e.m.c.i.embedder.EclipseLogger - Copying 0 resource
2016-12-18 14:16:06,243 [Worker-303] INFO  o.e.m.c.i.embedder.EclipseLogger - Using 'UTF-8' encoding to copy filtered resources.
2016-12-18 14:16:06,244 [Worker-303] INFO  o.e.m.c.i.embedder.EclipseLogger - skip non existing resourceDirectory /Users/kimjyaaa/workspace/baseball/baseball/src/test/resources
2016-12-18 14:17:20,711 [Worker-303] INFO  o.e.m.c.i.embedder.EclipseLogger - Using 'UTF-8' encoding to copy filtered resources.
2016-12-18 14:17:20,711 [Worker-303] INFO  o.e.m.c.i.embedder.EclipseLogger - Copying 1 resource
2016-12-18 14:17:20,712 [Worker-303] INFO  o.e.m.c.i.embedder.EclipseLogger - Copying 0 resource
2016-12-18 14:17:20,716 [Worker-303] INFO  o.e.m.c.i.embedder.EclipseLogger - Using 'UTF-8' encoding to copy filtered resources.
2016-12-18 14:17:20,716 [Worker-303] INFO  o.e.m.c.i.embedder.EclipseLogger - skip non existing resourceDirectory /Users/kimjyaaa/workspace/baseball/baseball/src/test/resources
2016-12-18 14:17:34,359 [Worker-308] INFO  o.e.m.c.i.embedder.EclipseLogger - Using 'UTF-8' encoding to copy filtered resources.
2016-12-18 14:17:34,359 [Worker-308] INFO  o.e.m.c.i.embedder.EclipseLogger - Copying 1 resource
2016-12-18 14:17:34,360 [Worker-308] INFO  o.e.m.c.i.embedder.EclipseLogger - Copying 0 resource
2016-12-18 14:17:34,362 [Worker-308] INFO  o.e.m.c.i.embedder.EclipseLogger - Using 'UTF-8' encoding to copy filtered resources.
2016-12-18 14:17:34,362 [Worker-308] INFO  o.e.m.c.i.embedder.EclipseLogger - skip non existing resourceDirectory /Users/kimjyaaa/workspace/baseball/baseball/src/test/resources
2016-12-18 14:18:10,966 [Worker-308] INFO  o.e.m.c.i.embedder.EclipseLogger - Using 'UTF-8' encoding to copy filtered resources.
2016-12-18 14:18:10,967 [Worker-308] INFO  o.e.m.c.i.embedder.EclipseLogger - Copying 1 resource
2016-12-18 14:18:10,968 [Worker-308] INFO  o.e.m.c.i.embedder.EclipseLogger - Copying 0 resource
2016-12-18 14:18:10,970 [Worker-308] INFO  o.e.m.c.i.embedder.EclipseLogger - Using 'UTF-8' encoding to copy filtered resources.
2016-12-18 14:18:10,970 [Worker-308] INFO  o.e.m.c.i.embedder.EclipseLogger - skip non existing resourceDirectory /Users/kimjyaaa/workspace/baseball/baseball/src/test/resources
2016-12-18 14:24:29,089 [Worker-310] INFO  o.e.m.c.i.embedder.EclipseLogger - Using 'UTF-8' encoding to copy filtered resources.
2016-12-18 14:24:29,090 [Worker-310] INFO  o.e.m.c.i.embedder.EclipseLogger - Copying 1 resource
2016-12-18 14:24:29,091 [Worker-310] INFO  o.e.m.c.i.embedder.EclipseLogger - Copying 0 resource
2016-12-18 14:24:29,093 [Worker-310] INFO  o.e.m.c.i.embedder.EclipseLogger - Using 'UTF-8' encoding to copy filtered resources.
2016-12-18 14:24:29,093 [Worker-310] INFO  o.e.m.c.i.embedder.EclipseLogger - skip non existing resourceDirectory /Users/kimjyaaa/workspace/baseball/baseball/src/test/resources
2016-12-18 14:25:19,880 [Worker-309] INFO  o.e.m.c.i.embedder.EclipseLogger - Using 'UTF-8' encoding to copy filtered resources.
2016-12-18 14:25:19,881 [Worker-309] INFO  o.e.m.c.i.embedder.EclipseLogger - Copying 1 resource
2016-12-18 14:25:19,881 [Worker-309] INFO  o.e.m.c.i.embedder.EclipseLogger - Copying 0 resource
2016-12-18 14:25:19,883 [Worker-309] INFO  o.e.m.c.i.embedder.EclipseLogger - Using 'UTF-8' encoding to copy filtered resources.
2016-12-18 14:25:19,883 [Worker-309] INFO  o.e.m.c.i.embedder.EclipseLogger - skip non existing resourceDirectory /Users/kimjyaaa/workspace/baseball/baseball/src/test/resources
2016-12-18 14:28:00,565 [Worker-310] INFO  o.e.m.c.i.embedder.EclipseLogger - Using 'UTF-8' encoding to copy filtered resources.
2016-12-18 14:28:00,566 [Worker-310] INFO  o.e.m.c.i.embedder.EclipseLogger - Copying 1 resource
2016-12-18 14:28:00,566 [Worker-310] INFO  o.e.m.c.i.embedder.EclipseLogger - Copying 0 resource
2016-12-18 14:28:00,569 [Worker-310] INFO  o.e.m.c.i.embedder.EclipseLogger - Using 'UTF-8' encoding to copy filtered resources.
2016-12-18 14:28:00,569 [Worker-310] INFO  o.e.m.c.i.embedder.EclipseLogger - skip non existing resourceDirectory /Users/kimjyaaa/workspace/baseball/baseball/src/test/resources
2016-12-18 14:30:51,997 [Worker-312] INFO  o.e.m.c.i.embedder.EclipseLogger - Using 'UTF-8' encoding to copy filtered resources.
2016-12-18 14:30:51,997 [Worker-312] INFO  o.e.m.c.i.embedder.EclipseLogger - Copying 1 resource
2016-12-18 14:30:51,998 [Worker-312] INFO  o.e.m.c.i.embedder.EclipseLogger - Copying 0 resource
2016-12-18 14:30:52,001 [Worker-312] INFO  o.e.m.c.i.embedder.EclipseLogger - Using 'UTF-8' encoding to copy filtered resources.
2016-12-18 14:30:52,001 [Worker-312] INFO  o.e.m.c.i.embedder.EclipseLogger - skip non existing resourceDirectory /Users/kimjyaaa/workspace/baseball/baseball/src/test/resources
2016-12-18 14:32:44,209 [Worker-314] INFO  o.e.m.c.i.embedder.EclipseLogger - Using 'UTF-8' encoding to copy filtered resources.
2016-12-18 14:32:44,210 [Worker-314] INFO  o.e.m.c.i.embedder.EclipseLogger - Copying 1 resource
2016-12-18 14:32:44,211 [Worker-314] INFO  o.e.m.c.i.embedder.EclipseLogger - Copying 0 resource
2016-12-18 14:32:44,213 [Worker-314] INFO  o.e.m.c.i.embedder.EclipseLogger - Using 'UTF-8' encoding to copy filtered resources.
2016-12-18 14:32:44,213 [Worker-314] INFO  o.e.m.c.i.embedder.EclipseLogger - skip non existing resourceDirectory /Users/kimjyaaa/workspace/baseball/baseball/src/test/resources
2016-12-18 14:32:47,568 [Worker-310] INFO  o.e.m.c.i.embedder.EclipseLogger - Using 'UTF-8' encoding to copy filtered resources.
2016-12-18 14:32:47,568 [Worker-310] INFO  o.e.m.c.i.embedder.EclipseLogger - Copying 1 resource
2016-12-18 14:32:47,569 [Worker-310] INFO  o.e.m.c.i.embedder.EclipseLogger - Copying 0 resource
2016-12-18 14:32:47,571 [Worker-310] INFO  o.e.m.c.i.embedder.EclipseLogger - Using 'UTF-8' encoding to copy filtered resources.
2016-12-18 14:32:47,571 [Worker-310] INFO  o.e.m.c.i.embedder.EclipseLogger - skip non existing resourceDirectory /Users/kimjyaaa/workspace/baseball/baseball/src/test/resources
2016-12-18 14:33:35,522 [Worker-316] INFO  o.e.m.c.i.embedder.EclipseLogger - Using 'UTF-8' encoding to copy filtered resources.
2016-12-18 14:33:35,522 [Worker-316] INFO  o.e.m.c.i.embedder.EclipseLogger - Copying 1 resource
2016-12-18 14:33:35,523 [Worker-316] INFO  o.e.m.c.i.embedder.EclipseLogger - Copying 0 resource
2016-12-18 14:33:35,525 [Worker-316] INFO  o.e.m.c.i.embedder.EclipseLogger - Using 'UTF-8' encoding to copy filtered resources.
2016-12-18 14:33:35,525 [Worker-316] INFO  o.e.m.c.i.embedder.EclipseLogger - skip non existing resourceDirectory /Users/kimjyaaa/workspace/baseball/baseball/src/test/resources
2016-12-18 14:40:06,351 [Worker-317] INFO  o.e.m.c.i.embedder.EclipseLogger - Using 'UTF-8' encoding to copy filtered resources.
2016-12-18 14:40:06,352 [Worker-317] INFO  o.e.m.c.i.embedder.EclipseLogger - Copying 1 resource
2016-12-18 14:40:06,353 [Worker-317] INFO  o.e.m.c.i.embedder.EclipseLogger - Copying 0 resource
2016-12-18 14:40:06,355 [Worker-317] INFO  o.e.m.c.i.embedder.EclipseLogger - Using 'UTF-8' encoding to copy filtered resources.
2016-12-18 14:40:06,355 [Worker-317] INFO  o.e.m.c.i.embedder.EclipseLogger - skip non existing resourceDirectory /Users/kimjyaaa/workspace/baseball/baseball/src/test/resources
2016-12-18 14:43:42,900 [Worker-320] INFO  o.e.m.c.i.embedder.EclipseLogger - Using 'UTF-8' encoding to copy filtered resources.
2016-12-18 14:43:42,900 [Worker-320] INFO  o.e.m.c.i.embedder.EclipseLogger - Copying 1 resource
2016-12-18 14:43:42,901 [Worker-320] INFO  o.e.m.c.i.embedder.EclipseLogger - Copying 0 resource
2016-12-18 14:43:42,903 [Worker-320] INFO  o.e.m.c.i.embedder.EclipseLogger - Using 'UTF-8' encoding to copy filtered resources.
2016-12-18 14:43:42,903 [Worker-320] INFO  o.e.m.c.i.embedder.EclipseLogger - skip non existing resourceDirectory /Users/kimjyaaa/workspace/baseball/baseball/src/test/resources
2016-12-18 14:59:05,853 [Worker-325] INFO  o.e.m.c.i.embedder.EclipseLogger - Using 'UTF-8' encoding to copy filtered resources.
2016-12-18 14:59:05,854 [Worker-325] INFO  o.e.m.c.i.embedder.EclipseLogger - Copying 1 resource
2016-12-18 14:59:05,855 [Worker-325] INFO  o.e.m.c.i.embedder.EclipseLogger - Copying 0 resource
2016-12-18 14:59:05,857 [Worker-325] INFO  o.e.m.c.i.embedder.EclipseLogger - Using 'UTF-8' encoding to copy filtered resources.
2016-12-18 14:59:05,857 [Worker-325] INFO  o.e.m.c.i.embedder.EclipseLogger - skip non existing resourceDirectory /Users/kimjyaaa/workspace/baseball/baseball/src/test/resources
2016-12-18 15:12:28,642 [Worker-334] INFO  o.e.m.c.i.embedder.EclipseLogger - Using 'UTF-8' encoding to copy filtered resources.
2016-12-18 15:12:28,642 [Worker-334] INFO  o.e.m.c.i.embedder.EclipseLogger - Copying 1 resource
2016-12-18 15:12:28,643 [Worker-334] INFO  o.e.m.c.i.embedder.EclipseLogger - Copying 0 resource
2016-12-18 15:12:28,644 [Worker-334] INFO  o.e.m.c.i.embedder.EclipseLogger - Using 'UTF-8' encoding to copy filtered resources.
2016-12-18 15:12:28,644 [Worker-334] INFO  o.e.m.c.i.embedder.EclipseLogger - skip non existing resourceDirectory /Users/kimjyaaa/workspace/baseball/baseball/src/test/resources
2016-12-18 15:14:19,611 [Worker-329] INFO  o.e.m.c.i.embedder.EclipseLogger - Using 'UTF-8' encoding to copy filtered resources.
2016-12-18 15:14:19,611 [Worker-329] INFO  o.e.m.c.i.embedder.EclipseLogger - Copying 1 resource
2016-12-18 15:14:19,612 [Worker-329] INFO  o.e.m.c.i.embedder.EclipseLogger - Copying 0 resource
2016-12-18 15:14:19,613 [Worker-329] INFO  o.e.m.c.i.embedder.EclipseLogger - Using 'UTF-8' encoding to copy filtered resources.
2016-12-18 15:14:19,613 [Worker-329] INFO  o.e.m.c.i.embedder.EclipseLogger - skip non existing resourceDirectory /Users/kimjyaaa/workspace/baseball/baseball/src/test/resources
2016-12-18 15:14:58,677 [Worker-329] INFO  o.e.m.c.i.embedder.EclipseLogger - Using 'UTF-8' encoding to copy filtered resources.
2016-12-18 15:14:58,677 [Worker-329] INFO  o.e.m.c.i.embedder.EclipseLogger - Copying 1 resource
2016-12-18 15:14:58,678 [Worker-329] INFO  o.e.m.c.i.embedder.EclipseLogger - Copying 0 resource
2016-12-18 15:14:58,679 [Worker-329] INFO  o.e.m.c.i.embedder.EclipseLogger - Using 'UTF-8' encoding to copy filtered resources.
2016-12-18 15:14:58,679 [Worker-329] INFO  o.e.m.c.i.embedder.EclipseLogger - skip non existing resourceDirectory /Users/kimjyaaa/workspace/baseball/baseball/src/test/resources
2016-12-18 15:15:22,155 [Worker-333] INFO  o.e.m.c.i.embedder.EclipseLogger - Using 'UTF-8' encoding to copy filtered resources.
2016-12-18 15:15:22,155 [Worker-333] INFO  o.e.m.c.i.embedder.EclipseLogger - Copying 1 resource
2016-12-18 15:15:22,156 [Worker-333] INFO  o.e.m.c.i.embedder.EclipseLogger - Copying 0 resource
2016-12-18 15:15:22,157 [Worker-333] INFO  o.e.m.c.i.embedder.EclipseLogger - Using 'UTF-8' encoding to copy filtered resources.
2016-12-18 15:15:22,157 [Worker-333] INFO  o.e.m.c.i.embedder.EclipseLogger - skip non existing resourceDirectory /Users/kimjyaaa/workspace/baseball/baseball/src/test/resources
2016-12-18 15:19:00,379 [Worker-339] INFO  o.e.m.c.i.embedder.EclipseLogger - Using 'UTF-8' encoding to copy filtered resources.
2016-12-18 15:19:00,380 [Worker-339] INFO  o.e.m.c.i.embedder.EclipseLogger - Copying 1 resource
2016-12-18 15:19:00,380 [Worker-339] INFO  o.e.m.c.i.embedder.EclipseLogger - Copying 0 resource
2016-12-18 15:19:00,382 [Worker-339] INFO  o.e.m.c.i.embedder.EclipseLogger - Using 'UTF-8' encoding to copy filtered resources.
2016-12-18 15:19:00,382 [Worker-339] INFO  o.e.m.c.i.embedder.EclipseLogger - skip non existing resourceDirectory /Users/kimjyaaa/workspace/baseball/baseball/src/test/resources
2016-12-18 15:23:19,861 [Worker-339] INFO  o.e.m.c.i.embedder.EclipseLogger - Using 'UTF-8' encoding to copy filtered resources.
2016-12-18 15:23:19,862 [Worker-339] INFO  o.e.m.c.i.embedder.EclipseLogger - Copying 1 resource
2016-12-18 15:23:19,862 [Worker-339] INFO  o.e.m.c.i.embedder.EclipseLogger - Copying 0 resource
2016-12-18 15:23:19,864 [Worker-339] INFO  o.e.m.c.i.embedder.EclipseLogger - Using 'UTF-8' encoding to copy filtered resources.
2016-12-18 15:23:19,864 [Worker-339] INFO  o.e.m.c.i.embedder.EclipseLogger - skip non existing resourceDirectory /Users/kimjyaaa/workspace/baseball/baseball/src/test/resources
2016-12-18 15:27:41,261 [Worker-344] INFO  o.e.m.c.i.embedder.EclipseLogger - Using 'UTF-8' encoding to copy filtered resources.
2016-12-18 15:27:41,263 [Worker-344] INFO  o.e.m.c.i.embedder.EclipseLogger - Copying 1 resource
2016-12-18 15:27:41,264 [Worker-344] INFO  o.e.m.c.i.embedder.EclipseLogger - Copying 0 resource
2016-12-18 15:27:41,266 [Worker-344] INFO  o.e.m.c.i.embedder.EclipseLogger - Using 'UTF-8' encoding to copy filtered resources.
2016-12-18 15:27:41,266 [Worker-344] INFO  o.e.m.c.i.embedder.EclipseLogger - skip non existing resourceDirectory /Users/kimjyaaa/workspace/baseball/baseball/src/test/resources
2016-12-18 15:42:31,843 [Worker-347] INFO  o.e.m.c.i.embedder.EclipseLogger - Using 'UTF-8' encoding to copy filtered resources.
2016-12-18 15:42:31,845 [Worker-347] INFO  o.e.m.c.i.embedder.EclipseLogger - Copying 0 resource
2016-12-18 15:42:31,845 [Worker-347] INFO  o.e.m.c.i.embedder.EclipseLogger - Copying 0 resource
2016-12-18 15:42:31,846 [Worker-347] INFO  o.e.m.c.i.embedder.EclipseLogger - Using 'UTF-8' encoding to copy filtered resources.
2016-12-18 15:42:31,847 [Worker-347] INFO  o.e.m.c.i.embedder.EclipseLogger - skip non existing resourceDirectory /Users/kimjyaaa/workspace/baseball/baseball/src/test/resources
2016-12-18 15:48:50,641 [Worker-355] INFO  o.e.m.c.i.embedder.EclipseLogger - Using 'UTF-8' encoding to copy filtered resources.
2016-12-18 15:48:50,642 [Worker-355] INFO  o.e.m.c.i.embedder.EclipseLogger - Copying 1 resource
2016-12-18 15:48:50,643 [Worker-355] INFO  o.e.m.c.i.embedder.EclipseLogger - Copying 0 resource
2016-12-18 15:48:50,645 [Worker-355] INFO  o.e.m.c.i.embedder.EclipseLogger - Using 'UTF-8' encoding to copy filtered resources.
2016-12-18 15:48:50,645 [Worker-355] INFO  o.e.m.c.i.embedder.EclipseLogger - skip non existing resourceDirectory /Users/kimjyaaa/workspace/baseball/baseball/src/test/resources
2016-12-18 16:17:23,494 [Worker-360] INFO  o.e.m.c.i.embedder.EclipseLogger - Using 'UTF-8' encoding to copy filtered resources.
2016-12-18 16:17:23,495 [Worker-360] INFO  o.e.m.c.i.embedder.EclipseLogger - Copying 1 resource
2016-12-18 16:17:23,496 [Worker-360] INFO  o.e.m.c.i.embedder.EclipseLogger - Copying 0 resource
2016-12-18 16:17:23,497 [Worker-360] INFO  o.e.m.c.i.embedder.EclipseLogger - Using 'UTF-8' encoding to copy filtered resources.
2016-12-18 16:17:23,498 [Worker-360] INFO  o.e.m.c.i.embedder.EclipseLogger - skip non existing resourceDirectory /Users/kimjyaaa/workspace/baseball/baseball/src/test/resources
2016-12-18 17:15:53,928 [Worker-16] INFO  o.e.m.c.i.embedder.EclipseLogger - Using 'UTF-8' encoding to copy filtered resources.
2016-12-18 17:15:53,935 [Worker-16] INFO  o.e.m.c.i.embedder.EclipseLogger - Copying 1 resource
2016-12-18 17:15:53,943 [Worker-16] INFO  o.e.m.c.i.embedder.EclipseLogger - Copying 0 resource
2016-12-18 17:15:53,945 [Worker-16] INFO  o.e.m.c.i.embedder.EclipseLogger - Using 'UTF-8' encoding to copy filtered resources.
2016-12-18 17:15:53,945 [Worker-16] INFO  o.e.m.c.i.embedder.EclipseLogger - skip non existing resourceDirectory /Users/kimjyaaa/workspace/baseball/baseball/src/test/resources
2016-12-18 17:16:21,425 [Worker-14] INFO  o.e.m.c.i.embedder.EclipseLogger - Using 'UTF-8' encoding to copy filtered resources.
2016-12-18 17:16:21,429 [Worker-14] INFO  o.e.m.c.i.embedder.EclipseLogger - Copying 0 resource
2016-12-18 17:16:21,429 [Worker-14] INFO  o.e.m.c.i.embedder.EclipseLogger - Copying 0 resource
2016-12-18 17:16:21,432 [Worker-14] INFO  o.e.m.c.i.embedder.EclipseLogger - Using 'UTF-8' encoding to copy filtered resources.
2016-12-18 17:16:21,432 [Worker-14] INFO  o.e.m.c.i.embedder.EclipseLogger - skip non existing resourceDirectory /Users/kimjyaaa/workspace/baseball/baseball/src/test/resources
2016-12-18 17:28:48,581 [Worker-27] INFO  o.e.m.c.i.embedder.EclipseLogger - Using 'UTF-8' encoding to copy filtered resources.
2016-12-18 17:28:48,581 [Worker-27] INFO  o.e.m.c.i.embedder.EclipseLogger - Copying 0 resource
2016-12-18 17:28:48,582 [Worker-27] INFO  o.e.m.c.i.embedder.EclipseLogger - Copying 0 resource
2016-12-18 17:28:48,584 [Worker-27] INFO  o.e.m.c.i.embedder.EclipseLogger - Using 'UTF-8' encoding to copy filtered resources.
2016-12-18 17:28:48,584 [Worker-27] INFO  o.e.m.c.i.embedder.EclipseLogger - skip non existing resourceDirectory /Users/kimjyaaa/workspace/baseball/baseball/src/test/resources
2016-12-18 17:30:45,063 [Worker-28] INFO  o.e.m.c.i.embedder.EclipseLogger - Using 'UTF-8' encoding to copy filtered resources.
2016-12-18 17:30:45,064 [Worker-28] INFO  o.e.m.c.i.embedder.EclipseLogger - Copying 0 resource
2016-12-18 17:30:45,064 [Worker-28] INFO  o.e.m.c.i.embedder.EclipseLogger - Copying 0 resource
2016-12-18 17:30:45,066 [Worker-28] INFO  o.e.m.c.i.embedder.EclipseLogger - Using 'UTF-8' encoding to copy filtered resources.
2016-12-18 17:30:45,066 [Worker-28] INFO  o.e.m.c.i.embedder.EclipseLogger - skip non existing resourceDirectory /Users/kimjyaaa/workspace/baseball/baseball/src/test/resources
2016-12-18 17:45:03,248 [Worker-16] INFO  o.e.m.c.i.embedder.EclipseLogger - Using 'UTF-8' encoding to copy filtered resources.
2016-12-18 17:45:03,250 [Worker-16] INFO  o.e.m.c.i.embedder.EclipseLogger - Copying 0 resource
2016-12-18 17:45:03,250 [Worker-16] INFO  o.e.m.c.i.embedder.EclipseLogger - Copying 0 resource
2016-12-18 17:45:03,252 [Worker-16] INFO  o.e.m.c.i.embedder.EclipseLogger - Using 'UTF-8' encoding to copy filtered resources.
2016-12-18 17:45:03,252 [Worker-16] INFO  o.e.m.c.i.embedder.EclipseLogger - skip non existing resourceDirectory /Users/kimjyaaa/workspace/baseball/baseball/src/test/resources
2016-12-18 17:45:31,639 [Worker-34] INFO  o.e.m.c.i.embedder.EclipseLogger - Using 'UTF-8' encoding to copy filtered resources.
2016-12-18 17:45:31,640 [Worker-34] INFO  o.e.m.c.i.embedder.EclipseLogger - Copying 0 resource
2016-12-18 17:45:31,640 [Worker-34] INFO  o.e.m.c.i.embedder.EclipseLogger - Copying 0 resource
2016-12-18 17:45:31,641 [Worker-34] INFO  o.e.m.c.i.embedder.EclipseLogger - Using 'UTF-8' encoding to copy filtered resources.
2016-12-18 17:45:31,642 [Worker-34] INFO  o.e.m.c.i.embedder.EclipseLogger - skip non existing resourceDirectory /Users/kimjyaaa/workspace/baseball/baseball/src/test/resources
2016-12-18 17:45:50,078 [Worker-34] INFO  o.e.m.c.i.embedder.EclipseLogger - Using 'UTF-8' encoding to copy filtered resources.
2016-12-18 17:45:50,078 [Worker-34] INFO  o.e.m.c.i.embedder.EclipseLogger - Copying 0 resource
2016-12-18 17:45:50,078 [Worker-34] INFO  o.e.m.c.i.embedder.EclipseLogger - Copying 0 resource
2016-12-18 17:45:50,080 [Worker-34] INFO  o.e.m.c.i.embedder.EclipseLogger - Using 'UTF-8' encoding to copy filtered resources.
2016-12-18 17:45:50,080 [Worker-34] INFO  o.e.m.c.i.embedder.EclipseLogger - skip non existing resourceDirectory /Users/kimjyaaa/workspace/baseball/baseball/src/test/resources
2016-12-18 17:46:04,555 [Worker-39] INFO  o.e.m.c.i.embedder.EclipseLogger - Using 'UTF-8' encoding to copy filtered resources.
2016-12-18 17:46:04,556 [Worker-39] INFO  o.e.m.c.i.embedder.EclipseLogger - Copying 0 resource
2016-12-18 17:46:04,556 [Worker-39] INFO  o.e.m.c.i.embedder.EclipseLogger - Copying 0 resource
2016-12-18 17:46:04,561 [Worker-39] INFO  o.e.m.c.i.embedder.EclipseLogger - Using 'UTF-8' encoding to copy filtered resources.
2016-12-18 17:46:04,561 [Worker-39] INFO  o.e.m.c.i.embedder.EclipseLogger - skip non existing resourceDirectory /Users/kimjyaaa/workspace/baseball/baseball/src/test/resources
2016-12-18 17:46:07,400 [Worker-37] INFO  o.e.m.c.i.embedder.EclipseLogger - Using 'UTF-8' encoding to copy filtered resources.
2016-12-18 17:46:07,400 [Worker-37] INFO  o.e.m.c.i.embedder.EclipseLogger - Copying 0 resource
2016-12-18 17:46:07,400 [Worker-37] INFO  o.e.m.c.i.embedder.EclipseLogger - Copying 0 resource
2016-12-18 17:46:07,404 [Worker-37] INFO  o.e.m.c.i.embedder.EclipseLogger - Using 'UTF-8' encoding to copy filtered resources.
2016-12-18 17:46:07,404 [Worker-37] INFO  o.e.m.c.i.embedder.EclipseLogger - skip non existing resourceDirectory /Users/kimjyaaa/workspace/baseball/baseball/src/test/resources
2016-12-18 17:52:10,668 [Worker-34] INFO  o.e.m.c.i.embedder.EclipseLogger - Using 'UTF-8' encoding to copy filtered resources.
2016-12-18 17:52:10,671 [Worker-34] INFO  o.e.m.c.i.embedder.EclipseLogger - Copying 1 resource
2016-12-18 17:52:10,672 [Worker-34] INFO  o.e.m.c.i.embedder.EclipseLogger - Copying 0 resource
2016-12-18 17:52:10,674 [Worker-34] INFO  o.e.m.c.i.embedder.EclipseLogger - Using 'UTF-8' encoding to copy filtered resources.
2016-12-18 17:52:10,674 [Worker-34] INFO  o.e.m.c.i.embedder.EclipseLogger - skip non existing resourceDirectory /Users/kimjyaaa/workspace/baseball/baseball/src/test/resources
2016-12-18 17:52:39,707 [Worker-16] INFO  o.e.m.c.i.embedder.EclipseLogger - Using 'UTF-8' encoding to copy filtered resources.
2016-12-18 17:52:39,710 [Worker-16] INFO  o.e.m.c.i.embedder.EclipseLogger - Copying 1 resource
2016-12-18 17:52:39,711 [Worker-16] INFO  o.e.m.c.i.embedder.EclipseLogger - Copying 0 resource
2016-12-18 17:52:39,714 [Worker-16] INFO  o.e.m.c.i.embedder.EclipseLogger - Using 'UTF-8' encoding to copy filtered resources.
2016-12-18 17:52:39,714 [Worker-16] INFO  o.e.m.c.i.embedder.EclipseLogger - skip non existing resourceDirectory /Users/kimjyaaa/workspace/baseball/baseball/src/test/resources
2016-12-18 17:58:08,491 [Worker-41] INFO  o.e.m.c.i.embedder.EclipseLogger - Using 'UTF-8' encoding to copy filtered resources.
2016-12-18 17:58:08,492 [Worker-41] INFO  o.e.m.c.i.embedder.EclipseLogger - Copying 1 resource
2016-12-18 17:58:08,493 [Worker-41] INFO  o.e.m.c.i.embedder.EclipseLogger - Copying 0 resource
2016-12-18 17:58:08,496 [Worker-41] INFO  o.e.m.c.i.embedder.EclipseLogger - Using 'UTF-8' encoding to copy filtered resources.
2016-12-18 17:58:08,496 [Worker-41] INFO  o.e.m.c.i.embedder.EclipseLogger - skip non existing resourceDirectory /Users/kimjyaaa/workspace/baseball/baseball/src/test/resources
2016-12-18 18:08:34,706 [Worker-34] INFO  o.e.m.c.i.embedder.EclipseLogger - Using 'UTF-8' encoding to copy filtered resources.
2016-12-18 18:08:34,707 [Worker-34] INFO  o.e.m.c.i.embedder.EclipseLogger - Copying 1 resource
2016-12-18 18:08:34,708 [Worker-34] INFO  o.e.m.c.i.embedder.EclipseLogger - Copying 0 resource
2016-12-18 18:08:34,710 [Worker-34] INFO  o.e.m.c.i.embedder.EclipseLogger - Using 'UTF-8' encoding to copy filtered resources.
2016-12-18 18:08:34,711 [Worker-34] INFO  o.e.m.c.i.embedder.EclipseLogger - skip non existing resourceDirectory /Users/kimjyaaa/workspace/baseball/baseball/src/test/resources
2016-12-18 18:12:04,584 [Worker-34] INFO  o.e.m.c.i.embedder.EclipseLogger - Using 'UTF-8' encoding to copy filtered resources.
2016-12-18 18:12:04,586 [Worker-34] INFO  o.e.m.c.i.embedder.EclipseLogger - Copying 1 resource
2016-12-18 18:12:04,586 [Worker-34] INFO  o.e.m.c.i.embedder.EclipseLogger - Copying 0 resource
2016-12-18 18:12:04,589 [Worker-34] INFO  o.e.m.c.i.embedder.EclipseLogger - Using 'UTF-8' encoding to copy filtered resources.
2016-12-18 18:12:04,589 [Worker-34] INFO  o.e.m.c.i.embedder.EclipseLogger - skip non existing resourceDirectory /Users/kimjyaaa/workspace/baseball/baseball/src/test/resources
2016-12-18 18:17:50,559 [Worker-41] INFO  o.e.m.c.i.embedder.EclipseLogger - Using 'UTF-8' encoding to copy filtered resources.
2016-12-18 18:17:50,560 [Worker-41] INFO  o.e.m.c.i.embedder.EclipseLogger - Copying 1 resource
2016-12-18 18:17:50,561 [Worker-41] INFO  o.e.m.c.i.embedder.EclipseLogger - Copying 0 resource
2016-12-18 18:17:50,563 [Worker-41] INFO  o.e.m.c.i.embedder.EclipseLogger - Using 'UTF-8' encoding to copy filtered resources.
2016-12-18 18:17:50,563 [Worker-41] INFO  o.e.m.c.i.embedder.EclipseLogger - skip non existing resourceDirectory /Users/kimjyaaa/workspace/baseball/baseball/src/test/resources
2016-12-18 18:19:19,927 [Worker-44] INFO  o.e.m.c.i.embedder.EclipseLogger - Using 'UTF-8' encoding to copy filtered resources.
2016-12-18 18:19:19,927 [Worker-44] INFO  o.e.m.c.i.embedder.EclipseLogger - Copying 1 resource
2016-12-18 18:19:19,928 [Worker-44] INFO  o.e.m.c.i.embedder.EclipseLogger - Copying 0 resource
2016-12-18 18:19:19,938 [Worker-44] INFO  o.e.m.c.i.embedder.EclipseLogger - Using 'UTF-8' encoding to copy filtered resources.
2016-12-18 18:19:19,938 [Worker-44] INFO  o.e.m.c.i.embedder.EclipseLogger - skip non existing resourceDirectory /Users/kimjyaaa/workspace/baseball/baseball/src/test/resources
2016-12-18 18:20:04,568 [Worker-44] INFO  o.e.m.c.i.embedder.EclipseLogger - Using 'UTF-8' encoding to copy filtered resources.
2016-12-18 18:20:04,569 [Worker-44] INFO  o.e.m.c.i.embedder.EclipseLogger - Copying 1 resource
2016-12-18 18:20:04,569 [Worker-44] INFO  o.e.m.c.i.embedder.EclipseLogger - Copying 0 resource
2016-12-18 18:20:04,571 [Worker-44] INFO  o.e.m.c.i.embedder.EclipseLogger - Using 'UTF-8' encoding to copy filtered resources.
2016-12-18 18:20:04,571 [Worker-44] INFO  o.e.m.c.i.embedder.EclipseLogger - skip non existing resourceDirectory /Users/kimjyaaa/workspace/baseball/baseball/src/test/resources
2016-12-18 18:20:34,717 [Worker-41] INFO  o.e.m.c.i.embedder.EclipseLogger - Using 'UTF-8' encoding to copy filtered resources.
2016-12-18 18:20:34,718 [Worker-41] INFO  o.e.m.c.i.embedder.EclipseLogger - Copying 1 resource
2016-12-18 18:20:34,719 [Worker-41] INFO  o.e.m.c.i.embedder.EclipseLogger - Copying 0 resource
2016-12-18 18:20:34,721 [Worker-41] INFO  o.e.m.c.i.embedder.EclipseLogger - Using 'UTF-8' encoding to copy filtered resources.
2016-12-18 18:20:34,721 [Worker-41] INFO  o.e.m.c.i.embedder.EclipseLogger - skip non existing resourceDirectory /Users/kimjyaaa/workspace/baseball/baseball/src/test/resources
2016-12-18 18:25:53,860 [Worker-27] INFO  o.e.m.c.i.embedder.EclipseLogger - Using 'UTF-8' encoding to copy filtered resources.
2016-12-18 18:25:53,861 [Worker-27] INFO  o.e.m.c.i.embedder.EclipseLogger - Copying 1 resource
2016-12-18 18:25:53,862 [Worker-27] INFO  o.e.m.c.i.embedder.EclipseLogger - Copying 0 resource
2016-12-18 18:25:53,864 [Worker-27] INFO  o.e.m.c.i.embedder.EclipseLogger - Using 'UTF-8' encoding to copy filtered resources.
2016-12-18 18:25:53,864 [Worker-27] INFO  o.e.m.c.i.embedder.EclipseLogger - skip non existing resourceDirectory /Users/kimjyaaa/workspace/baseball/baseball/src/test/resources
2016-12-18 18:26:57,832 [Worker-16] INFO  o.e.m.c.i.embedder.EclipseLogger - Using 'UTF-8' encoding to copy filtered resources.
2016-12-18 18:26:57,833 [Worker-16] INFO  o.e.m.c.i.embedder.EclipseLogger - Copying 1 resource
2016-12-18 18:26:57,834 [Worker-16] INFO  o.e.m.c.i.embedder.EclipseLogger - Copying 0 resource
2016-12-18 18:26:57,836 [Worker-16] INFO  o.e.m.c.i.embedder.EclipseLogger - Using 'UTF-8' encoding to copy filtered resources.
2016-12-18 18:26:57,836 [Worker-16] INFO  o.e.m.c.i.embedder.EclipseLogger - skip non existing resourceDirectory /Users/kimjyaaa/workspace/baseball/baseball/src/test/resources
2016-12-18 23:03:32,539 [Worker-78] INFO  o.e.m.c.i.embedder.EclipseLogger - Using 'UTF-8' encoding to copy filtered resources.
2016-12-18 23:03:32,540 [Worker-78] INFO  o.e.m.c.i.embedder.EclipseLogger - Copying 1 resource
2016-12-18 23:03:32,542 [Worker-78] INFO  o.e.m.c.i.embedder.EclipseLogger - Copying 0 resource
2016-12-18 23:03:32,544 [Worker-78] INFO  o.e.m.c.i.embedder.EclipseLogger - Using 'UTF-8' encoding to copy filtered resources.
2016-12-18 23:03:32,544 [Worker-78] INFO  o.e.m.c.i.embedder.EclipseLogger - skip non existing resourceDirectory /Users/kimjyaaa/workspace/baseball/baseball/src/test/resources
2016-12-18 23:04:14,766 [Worker-78] INFO  o.e.m.c.i.embedder.EclipseLogger - Using 'UTF-8' encoding to copy filtered resources.
2016-12-18 23:04:14,767 [Worker-78] INFO  o.e.m.c.i.embedder.EclipseLogger - Copying 1 resource
2016-12-18 23:04:14,767 [Worker-78] INFO  o.e.m.c.i.embedder.EclipseLogger - Copying 0 resource
2016-12-18 23:04:14,769 [Worker-78] INFO  o.e.m.c.i.embedder.EclipseLogger - Using 'UTF-8' encoding to copy filtered resources.
2016-12-18 23:04:14,769 [Worker-78] INFO  o.e.m.c.i.embedder.EclipseLogger - skip non existing resourceDirectory /Users/kimjyaaa/workspace/baseball/baseball/src/test/resources
2016-12-18 23:04:42,298 [Worker-74] INFO  o.e.m.c.i.embedder.EclipseLogger - Using 'UTF-8' encoding to copy filtered resources.
2016-12-18 23:04:42,299 [Worker-74] INFO  o.e.m.c.i.embedder.EclipseLogger - Copying 1 resource
2016-12-18 23:04:42,300 [Worker-74] INFO  o.e.m.c.i.embedder.EclipseLogger - Copying 0 resource
2016-12-18 23:04:42,302 [Worker-74] INFO  o.e.m.c.i.embedder.EclipseLogger - Using 'UTF-8' encoding to copy filtered resources.
2016-12-18 23:04:42,302 [Worker-74] INFO  o.e.m.c.i.embedder.EclipseLogger - skip non existing resourceDirectory /Users/kimjyaaa/workspace/baseball/baseball/src/test/resources
2016-12-18 23:04:45,623 [Worker-67] INFO  o.e.m.c.i.embedder.EclipseLogger - Using 'UTF-8' encoding to copy filtered resources.
2016-12-18 23:04:45,623 [Worker-67] INFO  o.e.m.c.i.embedder.EclipseLogger - Copying 1 resource
2016-12-18 23:04:45,624 [Worker-67] INFO  o.e.m.c.i.embedder.EclipseLogger - Copying 0 resource
2016-12-18 23:04:45,626 [Worker-67] INFO  o.e.m.c.i.embedder.EclipseLogger - Using 'UTF-8' encoding to copy filtered resources.
2016-12-18 23:04:45,627 [Worker-67] INFO  o.e.m.c.i.embedder.EclipseLogger - skip non existing resourceDirectory /Users/kimjyaaa/workspace/baseball/baseball/src/test/resources
2016-12-18 23:15:12,705 [Worker-74] INFO  o.e.m.c.i.embedder.EclipseLogger - Using 'UTF-8' encoding to copy filtered resources.
2016-12-18 23:15:12,706 [Worker-74] INFO  o.e.m.c.i.embedder.EclipseLogger - Copying 1 resource
2016-12-18 23:15:12,707 [Worker-74] INFO  o.e.m.c.i.embedder.EclipseLogger - Copying 0 resource
2016-12-18 23:15:12,709 [Worker-74] INFO  o.e.m.c.i.embedder.EclipseLogger - Using 'UTF-8' encoding to copy filtered resources.
2016-12-18 23:15:12,709 [Worker-74] INFO  o.e.m.c.i.embedder.EclipseLogger - skip non existing resourceDirectory /Users/kimjyaaa/workspace/baseball/baseball/src/test/resources
2016-12-18 23:16:05,130 [Worker-82] INFO  o.e.m.c.i.embedder.EclipseLogger - Using 'UTF-8' encoding to copy filtered resources.
2016-12-18 23:16:05,130 [Worker-82] INFO  o.e.m.c.i.embedder.EclipseLogger - Copying 1 resource
2016-12-18 23:16:05,131 [Worker-82] INFO  o.e.m.c.i.embedder.EclipseLogger - Copying 0 resource
2016-12-18 23:16:05,137 [Worker-82] INFO  o.e.m.c.i.embedder.EclipseLogger - Using 'UTF-8' encoding to copy filtered resources.
2016-12-18 23:16:05,137 [Worker-82] INFO  o.e.m.c.i.embedder.EclipseLogger - skip non existing resourceDirectory /Users/kimjyaaa/workspace/baseball/baseball/src/test/resources
2016-12-18 23:49:21,402 [Worker-95] INFO  o.e.m.c.i.embedder.EclipseLogger - Using 'UTF-8' encoding to copy filtered resources.
2016-12-18 23:49:21,403 [Worker-95] INFO  o.e.m.c.i.embedder.EclipseLogger - Copying 1 resource
2016-12-18 23:49:21,405 [Worker-95] INFO  o.e.m.c.i.embedder.EclipseLogger - Copying 0 resource
2016-12-18 23:49:21,407 [Worker-95] INFO  o.e.m.c.i.embedder.EclipseLogger - Using 'UTF-8' encoding to copy filtered resources.
2016-12-18 23:49:21,407 [Worker-95] INFO  o.e.m.c.i.embedder.EclipseLogger - skip non existing resourceDirectory /Users/kimjyaaa/workspace/baseball/baseball/src/test/resources
2016-12-21 17:01:01,785 [Worker-24] INFO  o.e.m.c.i.embedder.EclipseLogger - Using 'UTF-8' encoding to copy filtered resources.
2016-12-21 17:01:01,793 [Worker-24] INFO  o.e.m.c.i.embedder.EclipseLogger - Copying 1 resource
2016-12-21 17:01:01,811 [Worker-24] INFO  o.e.m.c.i.embedder.EclipseLogger - Copying 0 resource
2016-12-21 17:01:01,815 [Worker-24] INFO  o.e.m.c.i.embedder.EclipseLogger - Using 'UTF-8' encoding to copy filtered resources.
2016-12-21 17:01:01,815 [Worker-24] INFO  o.e.m.c.i.embedder.EclipseLogger - skip non existing resourceDirectory /Users/kimjyaaa/workspace/baseball/baseball/src/test/resources
